d:\_\__sdl projects\game1007\_new\game1007_w10_lab\game1007_w05_framework\x64\debug\vc143.pdb
d:\_\__sdl projects\game1007\_new\game1007_w10_lab\game1007_w05_framework\x64\debug\vc143.idb
d:\_\__sdl projects\game1007\_new\game1007_w13_lab\game1007_w05_framework\x64\debug\vc143.pdb
d:\_\__sdl projects\game1007\_new\game1007_w13_lab\game1007_w05_framework\x64\debug\vc143.idb
d:\_\__sdl projects\game1007\_new\game1007_w13_lab\game1007_w05_framework\x64\debug\main.obj
d:\_\__sdl projects\game1007\_new\game1007_w13_lab\game1007_w05_framework\x64\debug\engine.obj
d:\_\__sdl projects\game1007\_new\game1007_w13_lab\game1007_w05_framework\x64\debug\enemy.obj
d:\_\__sdl projects\game1007\_new\game1007_w13_lab\game1007_w05_framework\x64\debug\bullet.obj
d:\_\__sdl projects\game1007\_new\game1007_w13_lab\\bin\x64\debug\game1007_w05_framework.pdb
d:\_\__sdl projects\game1007\_new\game1007_w13_lab\game1007_w05_framework\x64\debug\game1007.eeb103f7.tlog\cl.command.1.tlog
d:\_\__sdl projects\game1007\_new\game1007_w13_lab\game1007_w05_framework\x64\debug\game1007.eeb103f7.tlog\cl.read.1.tlog
d:\_\__sdl projects\game1007\_new\game1007_w13_lab\game1007_w05_framework\x64\debug\game1007.eeb103f7.tlog\cl.write.1.tlog
d:\_\__sdl projects\game1007\_new\game1007_w13_lab\game1007_w05_framework\x64\debug\game1007.eeb103f7.tlog\link.23388-cvtres.read.1.tlog
d:\_\__sdl projects\game1007\_new\game1007_w13_lab\game1007_w05_framework\x64\debug\game1007.eeb103f7.tlog\link.23388-cvtres.write.1.tlog
d:\_\__sdl projects\game1007\_new\game1007_w13_lab\game1007_w05_framework\x64\debug\game1007.eeb103f7.tlog\link.23388-rc.read.1.tlog
d:\_\__sdl projects\game1007\_new\game1007_w13_lab\game1007_w05_framework\x64\debug\game1007.eeb103f7.tlog\link.23388-rc.write.1.tlog
d:\_\__sdl projects\game1007\_new\game1007_w13_lab\game1007_w05_framework\x64\debug\game1007.eeb103f7.tlog\link.23388.read.1.tlog
d:\_\__sdl projects\game1007\_new\game1007_w13_lab\game1007_w05_framework\x64\debug\game1007.eeb103f7.tlog\link.23388.read.2.tlog
d:\_\__sdl projects\game1007\_new\game1007_w13_lab\game1007_w05_framework\x64\debug\game1007.eeb103f7.tlog\link.23388.write.1.tlog
d:\_\__sdl projects\game1007\_new\game1007_w13_lab\game1007_w05_framework\x64\debug\game1007.eeb103f7.tlog\link.command.1.tlog
d:\_\__sdl projects\game1007\_new\game1007_w13_lab\game1007_w05_framework\x64\debug\game1007.eeb103f7.tlog\link.read.1.tlog
d:\_\__sdl projects\game1007\_new\game1007_w13_lab\game1007_w05_framework\x64\debug\game1007.eeb103f7.tlog\link.write.1.tlog
